<?xml version="1.0" encoding="UTF-8"?>
<!-- Generated by org.testng.reporters.JUnitXMLReporter -->
<testsuite hostname="Sankaranarayanans-MacBook-Pro.local" name="PHP Travels Automation Test" tests="13" failures="2" timestamp="7 Nov 2019 05:06:07 GMT" time="281.564" errors="0">
  <testcase name="verifyHomePageTitle" time="0.023" classname="com.phptravels.qa.testCases.HomePageTest">
    <failure type="java.lang.AssertionError" message="Home Page Title is not valid expected [--PHPTRAVELS | Travel Technology Partner] but found [PHPTRAVELS | Travel Technology Partner]">
      <![CDATA[java.lang.AssertionError: Home Page Title is not valid expected [--PHPTRAVELS | Travel Technology Partner] but found [PHPTRAVELS | Travel Technology Partner]
	at com.phptravels.qa.testCases.HomePageTest.verifyHomePageTitle(HomePageTest.java:66)
... Removed 28 stack frames]]>
    </failure>
  </testcase> <!-- verifyHomePageTitle -->
  <testcase name="verifyHomePageTitle" time="0.01" classname="com.phptravels.qa.testCases.HomePageTest">
    <failure type="java.lang.AssertionError" message="Home Page Title is not valid expected [--PHPTRAVELS | Travel Technology Partner] but found [PHPTRAVELS | Travel Technology Partner]">
      <![CDATA[java.lang.AssertionError: Home Page Title is not valid expected [--PHPTRAVELS | Travel Technology Partner] but found [PHPTRAVELS | Travel Technology Partner]
	at com.phptravels.qa.testCases.HomePageTest.verifyHomePageTitle(HomePageTest.java:66)
... Removed 28 stack frames]]>
    </failure>
  </testcase> <!-- verifyHomePageTitle -->
  <testcase name="verifyHomePageLogoDisplayed" time="0.058" classname="com.phptravels.qa.testCases.HomePageTest"/>
  <testcase name="verifyLoginLink" time="6.102" classname="com.phptravels.qa.testCases.HomePageTest"/>
  <testcase name="verifySignUpLink" time="3.859" classname="com.phptravels.qa.testCases.HomePageTest"/>
  <testcase name="verifySearchHotelTest" time="11.427" classname="com.phptravels.qa.testCases.HomePageTest"/>
  <testcase name="verifyLoginPageTitle" time="0.007" classname="com.phptravels.qa.testCases.LoginPageTest"/>
  <testcase name="verifyLoginPageTitle" time="0.008" classname="com.phptravels.qa.testCases.LoginPageTest"/>
  <testcase name="verifyLoginWithoutRemeberMe" time="0.313" classname="com.phptravels.qa.testCases.LoginPageTest"/>
  <testcase name="verifyLoginWithoutRemeberMe" time="0.347" classname="com.phptravels.qa.testCases.LoginPageTest"/>
  <testcase name="verifyLoginWithRemeberMe" time="0.41" classname="com.phptravels.qa.testCases.LoginPageTest"/>
  <testcase name="verifyLoginWithRemeberMe" time="0.414" classname="com.phptravels.qa.testCases.LoginPageTest"/>
  <testcase name="verifyLoginWithRemeberMe" time="0.36" classname="com.phptravels.qa.testCases.LoginPageTest"/>
</testsuite> <!-- PHP Travels Automation Test -->
